<?xml version="1.0" encoding="UTF-8"?>
<testng-results ignored="0" total="1" passed="1" failed="0" skipped="0">
  <reporter-output>
  </reporter-output>
  <suite started-at="2024-10-19T22:02:47 EDT" name="Default suite" finished-at="2024-10-19T22:03:34 EDT" duration-ms="47021">
    <groups>
    </groups>
    <test started-at="2024-10-19T22:02:47 EDT" name="Default test" finished-at="2024-10-19T22:03:34 EDT" duration-ms="47021">
      <class name="googleautomation.GoogleSearchTestHeadless">
        <test-method is-config="true" signature="setUp()[pri:0, instance:googleautomation.GoogleSearchTestHeadless@71ba6d4e]" started-at="2024-10-19T22:02:47 EDT" name="setUp" finished-at="2024-10-19T22:02:53 EDT" duration-ms="5724" status="PASS">
          <reporter-output>
          </reporter-output>
        </test-method> <!-- setUp -->
        <test-method signature="testGoogleSearch()[pri:0, instance:googleautomation.GoogleSearchTestHeadless@71ba6d4e]" started-at="2024-10-19T22:02:53 EDT" name="testGoogleSearch" finished-at="2024-10-19T22:03:34 EDT" duration-ms="41142" status="PASS">
          <reporter-output>
          </reporter-output>
        </test-method> <!-- testGoogleSearch -->
        <test-method is-config="true" signature="tearDown()[pri:0, instance:googleautomation.GoogleSearchTestHeadless@71ba6d4e]" started-at="2024-10-19T22:03:34 EDT" name="tearDown" finished-at="2024-10-19T22:03:34 EDT" duration-ms="112" status="PASS">
          <reporter-output>
          </reporter-output>
        </test-method> <!-- tearDown -->
      </class> <!-- googleautomation.GoogleSearchTestHeadless -->
    </test> <!-- Default test -->
  </suite> <!-- Default suite -->
</testng-results>
